Info: Start Nativelink Simulation process

========= EDA Simulation Settings =====================

Sim Mode              :  Gate
Family                :  cycloneii
Quartus root          :  c:/altera/11.1/quartus/bin/
Quartus sim root      :  c:/altera/11.1/quartus/eda/sim_lib
Simulation Tool       :  modelsim-altera
Simulation Language   :  vhdl
Version               :  93
Simulation Mode       :  GUI
Sim Output File       :  datapath.vho
Sim SDF file          :  datapath__vhdl.sdo
Sim dir               :  simulation\modelsim

=======================================================

Info: Starting NativeLink simulation with ModelSim-Altera software
Sourced NativeLink script c:/altera/11.1/quartus/common/tcl/internal/nativelink/modelsim.tcl
Warning: File datapath_run_msim_gate_vhdl.do already exists - backing up current file as datapath_run_msim_gate_vhdl.do.bak5
Probing transcript
ModelSim-Altera Info: # Reading C:/altera/11.1/modelsim_ase/tcl/vsim/pref.tcl 
ModelSim-Altera Info: # do datapath_run_msim_gate_vhdl.do 
ModelSim-Altera Info: # if {[file exists gate_work]} {
ModelSim-Altera Info: # 	vdel -lib gate_work -all
ModelSim-Altera Info: # }
ModelSim-Altera Info: # vlib gate_work
ModelSim-Altera Info: # vmap work gate_work
ModelSim-Altera Info: # Copying C:\altera\11.1\modelsim_ase\win32aloem/../modelsim.ini to modelsim.ini
ModelSim-Altera Info: # Modifying modelsim.ini
ModelSim-Altera Warning: # ** Warning: Copied C:\altera\11.1\modelsim_ase\win32aloem/../modelsim.ini to modelsim.ini.
ModelSim-Altera Info: #          Updated modelsim.ini.
ModelSim-Altera Info: # 
ModelSim-Altera Info: # vcom -93 -work work {datapath.vho}
ModelSim-Altera Info: # Model Technology ModelSim ALTERA vcom 10.0c Compiler 2011.09 Sep 21 2011
ModelSim-Altera Info: # -- Loading package STANDARD
ModelSim-Altera Info: # -- Loading package TEXTIO
ModelSim-Altera Info: # -- Loading package std_logic_1164
ModelSim-Altera Info: # -- Loading package VITAL_Timing
ModelSim-Altera Info: # -- Loading package VITAL_Primitives
ModelSim-Altera Info: # -- Loading package cycloneii_atom_pack
ModelSim-Altera Info: # -- Loading package cycloneii_components
ModelSim-Altera Info: # -- Compiling entity datapath
ModelSim-Altera Info: # -- Compiling architecture structure of datapath
ModelSim-Altera Info: # 
ModelSim-Altera Info: # do "C:/Temp/PartII/datapathDo.do"
ModelSim-Altera Info: # vsim datapath
ModelSim-Altera Info: # vsim datapath 
ModelSim-Altera Info: # Loading std.standard
ModelSim-Altera Info: # Loading std.textio(body)
ModelSim-Altera Info: # Loading ieee.std_logic_1164(body)
ModelSim-Altera Info: # Loading ieee.vital_timing(body)
ModelSim-Altera Info: # Loading ieee.vital_primitives(body)
ModelSim-Altera Info: # Loading cycloneii.cycloneii_atom_pack(body)
ModelSim-Altera Info: # Loading cycloneii.cycloneii_components
ModelSim-Altera Info: # Loading work.datapath(structure)
ModelSim-Altera Info: # Loading ieee.std_logic_arith(body)
ModelSim-Altera Info: # Loading cycloneii.cycloneii_io(structure)
ModelSim-Altera Info: # Loading cycloneii.cycloneii_mux21(altvital)
ModelSim-Altera Info: # Loading cycloneii.cycloneii_dffe(behave)
ModelSim-Altera Info: # Loading cycloneii.cycloneii_asynch_io(behave)
ModelSim-Altera Info: # view wave
ModelSim-Altera Info: # .main_pane.wave.interior.cs.body.pw.wf
ModelSim-Altera Info: # 
ModelSim-Altera Info: # add wave IR
ModelSim-Altera Info: # add wave clock
ModelSim-Altera Info: # add wave reset
ModelSim-Altera Info: # add wave rD
ModelSim-Altera Error: # ** Error: (vish-4014) No objects found matching 'rD'.
ModelSim-Altera Info: # Error in macro C:\Temp\PartII\datapathDo.do line 7
ModelSim-Altera Info: # (vish-4014) No objects found matching 'rD'.
ModelSim-Altera Info: #     while executing
ModelSim-Altera Info: # "add wave rD"
ModelSim-Altera Info: #  
Error: Errors encountered while running modelsim do file
Error: NativeLink simulation flow was NOT successful



================The following additional information is provided to help identify the cause of error while running nativelink scripts=================
Nativelink TCL script failed with errorCode:  1
Nativelink TCL script failed with errorInfo:  1
    (procedure "launch_sim" line 1)
    invoked from within
"launch_sim launch_args_hash"
    ("eval" body line 1)
    invoked from within
"eval launch_sim launch_args_hash"
    invoked from within
"if [ info exists ::errorCode ] {
				set savedCode $::errorCode
				set savedInfo $::errorInfo
				error $result $savedInfo $savedCode
			} else {
			..."
    invoked from within
"if [catch {eval launch_sim launch_args_hash} result ] {
			set status 1
			if [ info exists ::errorCode ] {
				set savedCode $::errorCode
				set sav..."
    (procedure "run_sim" line 78)
    invoked from within
"run_sim run_sim_args_hash"
    invoked from within
"if [ info exists ::errorCode ] {
			set savedCode $::errorCode
			set savedInfo $::errorInfo
			error "$result" $savedInfo $savedCode
		} else {
			er..."
    (procedure "run_eda_simulation_tool" line 285)
    invoked from within
"run_eda_simulation_tool eda_opts_hash"
